<?xml version="1.0" encoding="UTF-8"?>
<testsuite xmlns:xsi="http://www.w3.org/2001/XMLSchema-instance" xsi:noNamespaceSchemaLocation="https://maven.apache.org/surefire/maven-surefire-plugin/xsd/surefire-test-report-3.0.xsd" version="3.0" name="com.validator.sanitizers.SanitizersTest" time="0.13" tests="20" errors="0" skipped="0" failures="0">
  <properties>
[...]
</properties>
  <testcase name="testRemovePattern" classname="com.validator.sanitizers.SanitizersTest" time="0.01"/>
  <testcase name="testRemoveNonAlphanumeric" classname="com.validator.sanitizers.SanitizersTest" time="0.001"/>
  <testcase name="testToLowerCase" classname="com.validator.sanitizers.SanitizersTest" time="0.001"/>
  <testcase name="testReplacePattern" classname="com.validator.sanitizers.SanitizersTest" time="0.001"/>
  <testcase name="testRemoveNonAlpha" classname="com.validator.sanitizers.SanitizersTest" time="0"/>
  <testcase name="testDeny" classname="com.validator.sanitizers.SanitizersTest" time="0.003"/>
  <testcase name="testTrim" classname="com.validator.sanitizers.SanitizersTest" time="0.001"/>
  <testcase name="testToUpperCase" classname="com.validator.sanitizers.SanitizersTest" time="0.007"/>
  <testcase name="testEscapeHtml" classname="com.validator.sanitizers.SanitizersTest" time="0.019"/>
  <testcase name="testRemoveNonNumeric" classname="com.validator.sanitizers.SanitizersTest" time="0.002"/>
  <testcase name="testSanitizerWithNull" classname="com.validator.sanitizers.SanitizersTest" time="0.001"/>
  <testcase name="testMaxLength" classname="com.validator.sanitizers.SanitizersTest" time="0.007"/>
  <testcase name="testRemoveHtml" classname="com.validator.sanitizers.SanitizersTest" time="0.053"/>
  <testcase name="testRemoveNonPrintable" classname="com.validator.sanitizers.SanitizersTest" time="0.002"/>
  <testcase name="testComplexSanitizerChaining" classname="com.validator.sanitizers.SanitizersTest" time="0.001"/>
  <testcase name="testAllowOnly" classname="com.validator.sanitizers.SanitizersTest" time="0.001"/>
  <testcase name="testNormalizeWhitespace" classname="com.validator.sanitizers.SanitizersTest" time="0"/>
  <testcase name="testSanitizerChaining" classname="com.validator.sanitizers.SanitizersTest" time="0"/>
  <testcase name="testStripSqlKeywords" classname="com.validator.sanitizers.SanitizersTest" time="0.001"/>
  <testcase name="testEscapeXss" classname="com.validator.sanitizers.SanitizersTest" time="0.001"/>
</testsuite>